# JRE version: OpenJDK Runtime Environment Microsoft-11933218 (21.0.8+9) (build 21.0.8+9-LTS)
# Java VM: OpenJDK 64-Bit Server VM Microsoft-11933218 (21.0.8+9-LTS, mixed mode, sharing, tiered, compressed oops, compressed class ptrs, g1 gc, windows-amd64)
GC Precious Log:
 CardTable entry size: 512
 Card Set container configuration: InlinePtr #cards 5 size 8 Array Of Cards #cards 12 size 40 Howl #buckets 4 coarsen threshold 1843 Howl Bitmap #cards 512 size 80 coarsen threshold 460 Card regions per heap region 1 cards per card region 2048
 CPUs: 8 total, 8 available
 Memory: 7865M
 Large Page Support: Disabled
 NUMA Support: Disabled
 Compressed Oops: Enabled (32-bit)
 Heap Region Size: 1M
 Heap Min Capacity: 8M
 Heap Initial Capacity: 124M
 Heap Max Capacity: 1968M
 Pre-touch: Disabled
 Parallel Workers: 8
 Concurrent Workers: 2
 Concurrent Refinement Workers: 8
 Periodic GC: Disabled
Heap:
 garbage-first heap   total 110592K, used 50022K [0x0000000085000000, 0x0000000100000000)
  region size 1024K, 16 young (16384K), 1 survivors (1024K)
 Metaspace       used 94990K, committed 96192K, reserved 1179648K
  class space    used 12614K, committed 13056K, reserved 1048576K
GC Heap History (20 events):
Event: 4782.551 GC heap before
{Heap before GC invocations=93 (full 2):
 garbage-first heap   total 92160K, used 84822K [0x0000000085000000, 0x0000000100000000)
  region size 1024K, 48 young (49152K), 1 survivors (1024K)
 Metaspace       used 94990K, committed 96192K, reserved 1179648K
  class space    used 12614K, committed 13056K, reserved 1048576K
}
Event: 4782.565 GC heap after
{Heap after GC invocations=94 (full 2):
 garbage-first heap   total 92160K, used 36243K [0x0000000085000000, 0x0000000100000000)
  region size 1024K, 1 young (1024K), 1 survivors (1024K)
 Metaspace       used 94990K, committed 96192K, reserved 1179648K
  class space    used 12614K, committed 13056K, reserved 1048576K
}
Event: 4939.686 GC heap before
{Heap before GC invocations=94 (full 2):
 garbage-first heap   total 92160K, used 84371K [0x0000000085000000, 0x0000000100000000)
  region size 1024K, 48 young (49152K), 1 survivors (1024K)
 Metaspace       used 94990K, committed 96192K, reserved 1179648K
  class space    used 12614K, committed 13056K, reserved 1048576K
}
Event: 4939.690 GC heap after
{Heap after GC invocations=95 (full 2):
 garbage-first heap   total 92160K, used 36209K [0x0000000085000000, 0x0000000100000000)
  region size 1024K, 1 young (1024K), 1 survivors (1024K)
 Metaspace       used 94990K, committed 96192K, reserved 1179648K
  class space    used 12614K, committed 13056K, reserved 1048576K
}
Event: 5096.534 GC heap before
{Heap before GC invocations=96 (full 2):
 garbage-first heap   total 92160K, used 84337K [0x0000000085000000, 0x0000000100000000)
  region size 1024K, 48 young (49152K), 1 survivors (1024K)
 Metaspace       used 94990K, committed 96192K, reserved 1179648K
  class space    used 12614K, committed 13056K, reserved 1048576K
}
Event: 5096.536 GC heap after
{Heap after GC invocations=97 (full 2):
 garbage-first heap   total 92160K, used 36196K [0x0000000085000000, 0x0000000100000000)
  region size 1024K, 1 young (1024K), 1 survivors (1024K)
 Metaspace       used 94990K, committed 96192K, reserved 1179648K
  class space    used 12614K, committed 13056K, reserved 1048576K
}
Event: 5253.557 GC heap before
{Heap before GC invocations=97 (full 2):
 garbage-first heap   total 92160K, used 84324K [0x0000000085000000, 0x0000000100000000)
  region size 1024K, 48 young (49152K), 1 survivors (1024K)
 Metaspace       used 94990K, committed 96192K, reserved 1179648K
  class space    used 12614K, committed 13056K, reserved 1048576K
}
Event: 5253.564 GC heap after
{Heap after GC invocations=98 (full 2):
 garbage-first heap   total 92160K, used 36032K [0x0000000085000000, 0x0000000100000000)
  region size 1024K, 1 young (1024K), 1 survivors (1024K)
 Metaspace       used 94990K, committed 96192K, reserved 1179648K
  class space    used 12614K, committed 13056K, reserved 1048576K
}
Event: 5410.292 GC heap before
{Heap before GC invocations=98 (full 2):
 garbage-first heap   total 92160K, used 84160K [0x0000000085000000, 0x0000000100000000)
  region size 1024K, 48 young (49152K), 1 survivors (1024K)
 Metaspace       used 94990K, committed 96192K, reserved 1179648K
  class space    used 12614K, committed 13056K, reserved 1048576K
}
Event: 5410.304 GC heap after
{Heap after GC invocations=99 (full 2):
 garbage-first heap   total 92160K, used 36018K [0x0000000085000000, 0x0000000100000000)
  region size 1024K, 1 young (1024K), 1 survivors (1024K)
 Metaspace       used 94990K, committed 96192K, reserved 1179648K
  class space    used 12614K, committed 13056K, reserved 1048576K
}
Event: 5568.066 GC heap before
{Heap before GC invocations=100 (full 2):
 garbage-first heap   total 92160K, used 84146K [0x0000000085000000, 0x0000000100000000)
  region size 1024K, 48 young (49152K), 1 survivors (1024K)
 Metaspace       used 94990K, committed 96192K, reserved 1179648K
  class space    used 12614K, committed 13056K, reserved 1048576K
}
Event: 5568.073 GC heap after
{Heap after GC invocations=101 (full 2):
 garbage-first heap   total 110592K, used 36028K [0x0000000085000000, 0x0000000100000000)
  region size 1024K, 1 young (1024K), 1 survivors (1024K)
 Metaspace       used 94990K, committed 96192K, reserved 1179648K
  class space    used 12614K, committed 13056K, reserved 1048576K
}
Event: 5781.100 GC heap before
{Heap before GC invocations=101 (full 2):
 garbage-first heap   total 110592K, used 100540K [0x0000000085000000, 0x0000000100000000)
  region size 1024K, 64 young (65536K), 1 survivors (1024K)
 Metaspace       used 94990K, committed 96192K, reserved 1179648K
  class space    used 12614K, committed 13056K, reserved 1048576K
}
Event: 5781.132 GC heap after
{Heap after GC invocations=102 (full 2):
 garbage-first heap   total 110592K, used 35833K [0x0000000085000000, 0x0000000100000000)
  region size 1024K, 1 young (1024K), 1 survivors (1024K)
 Metaspace       used 94990K, committed 96192K, reserved 1179648K
  class space    used 12614K, committed 13056K, reserved 1048576K
}
Event: 5992.457 GC heap before
{Heap before GC invocations=102 (full 2):
 garbage-first heap   total 110592K, used 100345K [0x0000000085000000, 0x0000000100000000)
  region size 1024K, 64 young (65536K), 1 survivors (1024K)
 Metaspace       used 94990K, committed 96192K, reserved 1179648K
  class space    used 12614K, committed 13056K, reserved 1048576K
}
Event: 5992.480 GC heap after
{Heap after GC invocations=103 (full 2):
 garbage-first heap   total 110592K, used 35866K [0x0000000085000000, 0x0000000100000000)
  region size 1024K, 1 young (1024K), 1 survivors (1024K)
 Metaspace       used 94990K, committed 96192K, reserved 1179648K
  class space    used 12614K, committed 13056K, reserved 1048576K
}
Event: 6203.876 GC heap before
{Heap before GC invocations=104 (full 2):
 garbage-first heap   total 110592K, used 100378K [0x0000000085000000, 0x0000000100000000)
  region size 1024K, 64 young (65536K), 1 survivors (1024K)
 Metaspace       used 94990K, committed 96192K, reserved 1179648K
  class space    used 12614K, committed 13056K, reserved 1048576K
}
Event: 6203.880 GC heap after
{Heap after GC invocations=105 (full 2):
 garbage-first heap   total 110592K, used 35820K [0x0000000085000000, 0x0000000100000000)
  region size 1024K, 1 young (1024K), 1 survivors (1024K)
 Metaspace       used 94990K, committed 96192K, reserved 1179648K
  class space    used 12614K, committed 13056K, reserved 1048576K
}
Event: 6415.166 GC heap before
{Heap before GC invocations=105 (full 2):
 garbage-first heap   total 110592K, used 100332K [0x0000000085000000, 0x0000000100000000)
  region size 1024K, 64 young (65536K), 1 survivors (1024K)
 Metaspace       used 94990K, committed 96192K, reserved 1179648K
  class space    used 12614K, committed 13056K, reserved 1048576K
}
Event: 6415.176 GC heap after
{Heap after GC invocations=106 (full 2):
 garbage-first heap   total 110592K, used 35686K [0x0000000085000000, 0x0000000100000000)
  region size 1024K, 1 young (1024K), 1 survivors (1024K)
 Metaspace       used 94990K, committed 96192K, reserved 1179648K
  class space    used 12614K, committed 13056K, reserved 1048576K
}

